<?xml version="1.0" ?>
<!DOCTYPE coverage SYSTEM "http://cobertura.sourceforge.net/xml/coverage-04.dtd">
<coverage lines-valid="5" lines-covered="4" line-rate="0.8" branches-valid="0" branches-covered="0" branch-rate="1" timestamp="1695571588916" complexity="0" version="0.1">
  <sources>
    <source>C:\Remote\testing\Test\app</source>
  </sources>
  <packages>
    <package name="main" line-rate="0.8" branch-rate="1">
      <classes>
        <class name="calculator.js" filename="calculator.js" line-rate="0.8" branch-rate="1">
          <methods>
            <method name="(anonymous_0)" hits="1" signature="()V">
              <lines>
                <line number="3" hits="1"/>
              </lines>
            </method>
            <method name="(anonymous_1)" hits="0" signature="()V">
              <lines>
                <line number="6" hits="0"/>
              </lines>
            </method>
          </methods>
          <lines>
            <line number="3" hits="1" branch="false"/>
            <line number="4" hits="1" branch="false"/>
            <line number="6" hits="1" branch="false"/>
            <line number="7" hits="0" branch="false"/>
            <line number="10" hits="1" branch="false"/>
          </lines>
        </class>
      </classes>
    </package>
  </packages>
</coverage>
